<?xml version="1.0" encoding="UTF-8"?>
<testsuite xmlns:xsi="http://www.w3.org/2001/XMLSchema-instance" xsi:noNamespaceSchemaLocation="https://maven.apache.org/surefire/maven-surefire-plugin/xsd/surefire-test-report.xsd" version="3.0.2" name="org.acme.ExampleResourceTest" time="5.541" tests="1" errors="1" skipped="0" failures="0">
  <properties>
    <property name="java.specification.version" value="19"/>
    <property name="sun.cpu.isalist" value="amd64"/>
    <property name="sun.jnu.encoding" value="Cp1252"/>
    <property name="java.class.path" value="C:\Users\Dell\Desktop\objektno2\projekat\target\test-classes;C:\Users\Dell\Desktop\objektno2\projekat\target\classes;C:\Users\Dell\.m2\repository\io\quarkus\quarkus-rest\3.19.3\quarkus-rest-3.19.3.jar;C:\Users\Dell\.m2\repository\io\quarkus\quarkus-rest-common\3.19.3\quarkus-rest-common-3.19.3.jar;C:\Users\Dell\.m2\repository\io\quarkus\resteasy\reactive\resteasy-reactive-common\3.19.3\resteasy-reactive-common-3.19.3.jar;C:\Users\Dell\.m2\repository\io\quarkus\resteasy\reactive\resteasy-reactive-common-types\3.19.3\resteasy-reactive-common-types-3.19.3.jar;C:\Users\Dell\.m2\repository\org\reactivestreams\reactive-streams\1.0.4\reactive-streams-1.0.4.jar;C:\Users\Dell\.m2\repository\io\smallrye\common\smallrye-common-annotation\2.10.0\smallrye-common-annotation-2.10.0.jar;C:\Users\Dell\.m2\repository\io\quarkus\quarkus-mutiny\3.19.3\quarkus-mutiny-3.19.3.jar;C:\Users\Dell\.m2\repository\io\quarkus\quarkus-smallrye-context-propagation\3.19.3\quarkus-smallrye-context-propagation-3.19.3.jar;C:\Users\Dell\.m2\repository\io\smallrye\smallrye-context-propagation\2.2.0\smallrye-context-propagation-2.2.0.jar;C:\Users\Dell\.m2\repository\io\smallrye\smallrye-context-propagation-api\2.2.0\smallrye-context-propagation-api-2.2.0.jar;C:\Users\Dell\.m2\repository\io\smallrye\smallrye-context-propagation-storage\2.2.0\smallrye-context-propagation-storage-2.2.0.jar;C:\Users\Dell\.m2\repository\io\smallrye\reactive\mutiny-smallrye-context-propagation\2.8.0\mutiny-smallrye-context-propagation-2.8.0.jar;C:\Users\Dell\.m2\repository\io\quarkus\quarkus-vertx\3.19.3\quarkus-vertx-3.19.3.jar;C:\Users\Dell\.m2\repository\io\quarkus\quarkus-netty\3.19.3\quarkus-netty-3.19.3.jar;C:\Users\Dell\.m2\repository\io\netty\netty-codec\4.1.118.Final\netty-codec-4.1.118.Final.jar;C:\Users\Dell\.m2\repository\io\netty\netty-codec-haproxy\4.1.118.Final\netty-codec-haproxy-4.1.118.Final.jar;C:\Users\Dell\.m2\repository\io\quarkus\quarkus-vertx-latebound-mdc-provider\3.19.3\quarkus-vertx-latebound-mdc-provider-3.19.3.jar;C:\Users\Dell\.m2\repository\io\smallrye\smallrye-fault-tolerance-vertx\6.8.0\smallrye-fault-tolerance-vertx-6.8.0.jar;C:\Users\Dell\.m2\repository\io\quarkus\resteasy\reactive\resteasy-reactive-vertx\3.19.3\resteasy-reactive-vertx-3.19.3.jar;C:\Users\Dell\.m2\repository\io\vertx\vertx-web\4.5.13\vertx-web-4.5.13.jar;C:\Users\Dell\.m2\repository\io\vertx\vertx-web-common\4.5.13\vertx-web-common-4.5.13.jar;C:\Users\Dell\.m2\repository\io\vertx\vertx-auth-common\4.5.13\vertx-auth-common-4.5.13.jar;C:\Users\Dell\.m2\repository\io\vertx\vertx-bridge-common\4.5.13\vertx-bridge-common-4.5.13.jar;C:\Users\Dell\.m2\repository\io\smallrye\reactive\smallrye-mutiny-vertx-core\3.18.1\smallrye-mutiny-vertx-core-3.18.1.jar;C:\Users\Dell\.m2\repository\io\smallrye\reactive\smallrye-mutiny-vertx-runtime\3.18.1\smallrye-mutiny-vertx-runtime-3.18.1.jar;C:\Users\Dell\.m2\repository\io\smallrye\reactive\vertx-mutiny-generator\3.18.1\vertx-mutiny-generator-3.18.1.jar;C:\Users\Dell\.m2\repository\io\vertx\vertx-codegen\4.5.13\vertx-codegen-4.5.13.jar;C:\Users\Dell\.m2\repository\io\quarkus\resteasy\reactive\resteasy-reactive\3.19.3\resteasy-reactive-3.19.3.jar;C:\Users\Dell\.m2\repository\io\quarkus\vertx\utils\quarkus-vertx-utils\3.19.3\quarkus-vertx-utils-3.19.3.jar;C:\Users\Dell\.m2\repository\jakarta\enterprise\jakarta.enterprise.cdi-api\4.1.0\jakarta.enterprise.cdi-api-4.1.0.jar;C:\Users\Dell\.m2\repository\jakarta\enterprise\jakarta.enterprise.lang-model\4.1.0\jakarta.enterprise.lang-model-4.1.0.jar;C:\Users\Dell\.m2\repository\jakarta\el\jakarta.el-api\5.0.1\jakarta.el-api-5.0.1.jar;C:\Users\Dell\.m2\repository\jakarta\interceptor\jakarta.interceptor-api\2.2.0\jakarta.interceptor-api-2.2.0.jar;C:\Users\Dell\.m2\repository\jakarta\ws\rs\jakarta.ws.rs-api\3.1.0\jakarta.ws.rs-api-3.1.0.jar;C:\Users\Dell\.m2\repository\jakarta\annotation\jakarta.annotation-api\3.0.0\jakarta.annotation-api-3.0.0.jar;C:\Users\Dell\.m2\repository\org\jboss\logging\commons-logging-jboss-logging\1.0.0.Final\commons-logging-jboss-logging-1.0.0.Final.jar;C:\Users\Dell\.m2\repository\org\jboss\logging\jboss-logging\3.6.1.Final\jboss-logging-3.6.1.Final.jar;C:\Users\Dell\.m2\repository\io\quarkus\quarkus-vertx-http\3.19.3\quarkus-vertx-http-3.19.3.jar;C:\Users\Dell\.m2\repository\io\quarkus\quarkus-security-runtime-spi\3.19.3\quarkus-security-runtime-spi-3.19.3.jar;C:\Users\Dell\.m2\repository\io\quarkus\quarkus-credentials\3.19.3\quarkus-credentials-3.19.3.jar;C:\Users\Dell\.m2\repository\io\smallrye\common\smallrye-common-vertx-context\2.10.0\smallrye-common-vertx-context-2.10.0.jar;C:\Users\Dell\.m2\repository\io\smallrye\common\smallrye-common-constraint\2.10.0\smallrye-common-constraint-2.10.0.jar;C:\Users\Dell\.m2\repository\io\quarkus\security\quarkus-security\2.2.0\quarkus-security-2.2.0.jar;C:\Users\Dell\.m2\repository\io\smallrye\reactive\smallrye-mutiny-vertx-web\3.18.1\smallrye-mutiny-vertx-web-3.18.1.jar;C:\Users\Dell\.m2\repository\io\smallrye\reactive\smallrye-mutiny-vertx-web-common\3.18.1\smallrye-mutiny-vertx-web-common-3.18.1.jar;C:\Users\Dell\.m2\repository\io\smallrye\reactive\smallrye-mutiny-vertx-auth-common\3.18.1\smallrye-mutiny-vertx-auth-common-3.18.1.jar;C:\Users\Dell\.m2\repository\io\smallrye\reactive\smallrye-mutiny-vertx-bridge-common\3.18.1\smallrye-mutiny-vertx-bridge-common-3.18.1.jar;C:\Users\Dell\.m2\repository\io\smallrye\reactive\smallrye-mutiny-vertx-uri-template\3.18.1\smallrye-mutiny-vertx-uri-template-3.18.1.jar;C:\Users\Dell\.m2\repository\io\vertx\vertx-uri-template\4.5.13\vertx-uri-template-4.5.13.jar;C:\Users\Dell\.m2\repository\io\github\crac\org-crac\0.1.3\org-crac-0.1.3.jar;C:\Users\Dell\.m2\repository\com\aayushatharva\brotli4j\brotli4j\1.16.0\brotli4j-1.16.0.jar;C:\Users\Dell\.m2\repository\com\aayushatharva\brotli4j\service\1.16.0\service-1.16.0.jar;C:\Users\Dell\.m2\repository\com\aayushatharva\brotli4j\native-windows-x86_64\1.16.0\native-windows-x86_64-1.16.0.jar;C:\Users\Dell\.m2\repository\io\quarkus\quarkus-jsonp\3.19.3\quarkus-jsonp-3.19.3.jar;C:\Users\Dell\.m2\repository\org\eclipse\parsson\parsson\1.1.7\parsson-1.1.7.jar;C:\Users\Dell\.m2\repository\jakarta\json\jakarta.json-api\2.1.3\jakarta.json-api-2.1.3.jar;C:\Users\Dell\.m2\repository\io\quarkus\quarkus-virtual-threads\3.19.3\quarkus-virtual-threads-3.19.3.jar;C:\Users\Dell\.m2\repository\io\vertx\vertx-core\4.5.13\vertx-core-4.5.13.jar;C:\Users\Dell\.m2\repository\io\netty\netty-common\4.1.118.Final\netty-common-4.1.118.Final.jar;C:\Users\Dell\.m2\repository\io\netty\netty-buffer\4.1.118.Final\netty-buffer-4.1.118.Final.jar;C:\Users\Dell\.m2\repository\io\netty\netty-transport\4.1.118.Final\netty-transport-4.1.118.Final.jar;C:\Users\Dell\.m2\repository\io\netty\netty-handler\4.1.118.Final\netty-handler-4.1.118.Final.jar;C:\Users\Dell\.m2\repository\io\netty\netty-transport-native-unix-common\4.1.118.Final\netty-transport-native-unix-common-4.1.118.Final.jar;C:\Users\Dell\.m2\repository\io\netty\netty-handler-proxy\4.1.118.Final\netty-handler-proxy-4.1.118.Final.jar;C:\Users\Dell\.m2\repository\io\netty\netty-codec-socks\4.1.118.Final\netty-codec-socks-4.1.118.Final.jar;C:\Users\Dell\.m2\repository\io\netty\netty-codec-http\4.1.118.Final\netty-codec-http-4.1.118.Final.jar;C:\Users\Dell\.m2\repository\io\netty\netty-codec-http2\4.1.118.Final\netty-codec-http2-4.1.118.Final.jar;C:\Users\Dell\.m2\repository\io\netty\netty-resolver\4.1.118.Final\netty-resolver-4.1.118.Final.jar;C:\Users\Dell\.m2\repository\io\netty\netty-resolver-dns\4.1.118.Final\netty-resolver-dns-4.1.118.Final.jar;C:\Users\Dell\.m2\repository\io\netty\netty-codec-dns\4.1.118.Final\netty-codec-dns-4.1.118.Final.jar;C:\Users\Dell\.m2\repository\io\quarkus\quarkus-hibernate-orm\3.19.3\quarkus-hibernate-orm-3.19.3.jar;C:\Users\Dell\.m2\repository\io\quarkus\quarkus-core\3.19.3\quarkus-core-3.19.3.jar;C:\Users\Dell\.m2\repository\jakarta\inject\jakarta.inject-api\2.0.1\jakarta.inject-api-2.0.1.jar;C:\Users\Dell\.m2\repository\io\smallrye\common\smallrye-common-os\2.10.0\smallrye-common-os-2.10.0.jar;C:\Users\Dell\.m2\repository\io\quarkus\quarkus-ide-launcher\3.19.3\quarkus-ide-launcher-3.19.3.jar;C:\Users\Dell\.m2\repository\io\quarkus\quarkus-development-mode-spi\3.19.3\quarkus-development-mode-spi-3.19.3.jar;C:\Users\Dell\.m2\repository\io\smallrye\config\smallrye-config\3.11.4\smallrye-config-3.11.4.jar;C:\Users\Dell\.m2\repository\io\smallrye\config\smallrye-config-core\3.11.4\smallrye-config-core-3.11.4.jar;C:\Users\Dell\.m2\repository\io\smallrye\config\smallrye-config-common\3.11.4\smallrye-config-common-3.11.4.jar;C:\Users\Dell\.m2\repository\org\jboss\logmanager\jboss-logmanager\3.1.1.Final\jboss-logmanager-3.1.1.Final.jar;C:\Users\Dell\.m2\repository\io\smallrye\common\smallrye-common-cpu\2.10.0\smallrye-common-cpu-2.10.0.jar;C:\Users\Dell\.m2\repository\io\smallrye\common\smallrye-common-expression\2.10.0\smallrye-common-expression-2.10.0.jar;C:\Users\Dell\.m2\repository\io\smallrye\common\smallrye-common-net\2.10.0\smallrye-common-net-2.10.0.jar;C:\Users\Dell\.m2\repository\io\smallrye\common\smallrye-common-ref\2.10.0\smallrye-common-ref-2.10.0.jar;C:\Users\Dell\.m2\repository\org\jboss\logging\jboss-logging-annotations\3.0.4.Final\jboss-logging-annotations-3.0.4.Final.jar;C:\Users\Dell\.m2\repository\org\jboss\threads\jboss-threads\3.8.0.Final\jboss-threads-3.8.0.Final.jar;C:\Users\Dell\.m2\repository\io\smallrye\common\smallrye-common-function\2.10.0\smallrye-common-function-2.10.0.jar;C:\Users\Dell\.m2\repository\org\slf4j\slf4j-api\2.0.6\slf4j-api-2.0.6.jar;C:\Users\Dell\.m2\repository\org\jboss\slf4j\slf4j-jboss-logmanager\2.0.0.Final\slf4j-jboss-logmanager-2.0.0.Final.jar;C:\Users\Dell\.m2\repository\org\wildfly\common\wildfly-common\2.0.1\wildfly-common-2.0.1.jar;C:\Users\Dell\.m2\repository\io\quarkus\quarkus-bootstrap-runner\3.19.3\quarkus-bootstrap-runner-3.19.3.jar;C:\Users\Dell\.m2\repository\io\quarkus\quarkus-fs-util\0.0.10\quarkus-fs-util-0.0.10.jar;C:\Users\Dell\.m2\repository\io\quarkus\quarkus-agroal\3.19.3\quarkus-agroal-3.19.3.jar;C:\Users\Dell\.m2\repository\io\quarkus\quarkus-datasource\3.19.3\quarkus-datasource-3.19.3.jar;C:\Users\Dell\.m2\repository\io\agroal\agroal-api\2.5\agroal-api-2.5.jar;C:\Users\Dell\.m2\repository\io\agroal\agroal-narayana\2.5\agroal-narayana-2.5.jar;C:\Users\Dell\.m2\repository\org\jboss\jboss-transaction-spi\8.0.0.Final\jboss-transaction-spi-8.0.0.Final.jar;C:\Users\Dell\.m2\repository\io\agroal\agroal-pool\2.5\agroal-pool-2.5.jar;C:\Users\Dell\.m2\repository\io\quarkus\quarkus-narayana-jta\3.19.3\quarkus-narayana-jta-3.19.3.jar;C:\Users\Dell\.m2\repository\io\quarkus\quarkus-transaction-annotations\3.19.3\quarkus-transaction-annotations-3.19.3.jar;C:\Users\Dell\.m2\repository\io\quarkus\quarkus-datasource-common\3.19.3\quarkus-datasource-common-3.19.3.jar;C:\Users\Dell\.m2\repository\io\smallrye\smallrye-context-propagation-jta\2.2.0\smallrye-context-propagation-jta-2.2.0.jar;C:\Users\Dell\.m2\repository\io\smallrye\reactive\smallrye-reactive-converter-api\3.0.1\smallrye-reactive-converter-api-3.0.1.jar;C:\Users\Dell\.m2\repository\io\smallrye\reactive\smallrye-reactive-converter-mutiny\3.0.1\smallrye-reactive-converter-mutiny-3.0.1.jar;C:\Users\Dell\.m2\repository\io\smallrye\reactive\mutiny-zero-flow-adapters\1.1.1\mutiny-zero-flow-adapters-1.1.1.jar;C:\Users\Dell\.m2\repository\org\jboss\narayana\jta\narayana-jta\7.2.1.Final\narayana-jta-7.2.1.Final.jar;C:\Users\Dell\.m2\repository\jakarta\resource\jakarta.resource-api\2.1.0\jakarta.resource-api-2.1.0.jar;C:\Users\Dell\.m2\repository\org\jboss\invocation\jboss-invocation\2.0.0.Final\jboss-invocation-2.0.0.Final.jar;C:\Users\Dell\.m2\repository\org\eclipse\microprofile\reactive-streams-operators\microprofile-reactive-streams-operators-api\3.0.1\microprofile-reactive-streams-operators-api-3.0.1.jar;C:\Users\Dell\.m2\repository\org\jboss\narayana\jts\narayana-jts-integration\7.2.1.Final\narayana-jts-integration-7.2.1.Final.jar;C:\Users\Dell\.m2\repository\org\hibernate\orm\hibernate-core\6.6.10.Final\hibernate-core-6.6.10.Final.jar;C:\Users\Dell\.m2\repository\com\fasterxml\classmate\1.7.0\classmate-1.7.0.jar;C:\Users\Dell\.m2\repository\org\antlr\antlr4-runtime\4.13.0\antlr4-runtime-4.13.0.jar;C:\Users\Dell\.m2\repository\net\bytebuddy\byte-buddy\1.15.11\byte-buddy-1.15.11.jar;C:\Users\Dell\.m2\repository\org\hibernate\common\hibernate-commons-annotations\7.0.3.Final\hibernate-commons-annotations-7.0.3.Final.jar;C:\Users\Dell\.m2\repository\org\hibernate\orm\hibernate-graalvm\6.6.10.Final\hibernate-graalvm-6.6.10.Final.jar;C:\Users\Dell\.m2\repository\org\glassfish\jaxb\jaxb-runtime\4.0.5\jaxb-runtime-4.0.5.jar;C:\Users\Dell\.m2\repository\org\glassfish\jaxb\jaxb-core\4.0.5\jaxb-core-4.0.5.jar;C:\Users\Dell\.m2\repository\org\eclipse\angus\angus-activation\2.0.2\angus-activation-2.0.2.jar;C:\Users\Dell\.m2\repository\org\glassfish\jaxb\txw2\4.0.5\txw2-4.0.5.jar;C:\Users\Dell\.m2\repository\com\sun\istack\istack-commons-runtime\4.1.2\istack-commons-runtime-4.1.2.jar;C:\Users\Dell\.m2\repository\jakarta\xml\bind\jakarta.xml.bind-api\4.0.2\jakarta.xml.bind-api-4.0.2.jar;C:\Users\Dell\.m2\repository\jakarta\activation\jakarta.activation-api\2.1.3\jakarta.activation-api-2.1.3.jar;C:\Users\Dell\.m2\repository\jakarta\persistence\jakarta.persistence-api\3.1.0\jakarta.persistence-api-3.1.0.jar;C:\Users\Dell\.m2\repository\jakarta\transaction\jakarta.transaction-api\2.0.1\jakarta.transaction-api-2.0.1.jar;C:\Users\Dell\.m2\repository\org\hibernate\quarkus-local-cache\0.3.0\quarkus-local-cache-0.3.0.jar;C:\Users\Dell\.m2\repository\io\quarkus\quarkus-caffeine\3.19.3\quarkus-caffeine-3.19.3.jar;C:\Users\Dell\.m2\repository\com\github\ben-manes\caffeine\caffeine\3.2.0\caffeine-3.2.0.jar;C:\Users\Dell\.m2\repository\org\jspecify\jspecify\1.0.0\jspecify-1.0.0.jar;C:\Users\Dell\.m2\repository\com\google\errorprone\error_prone_annotations\2.36.0\error_prone_annotations-2.36.0.jar;C:\Users\Dell\.m2\repository\io\quarkus\quarkus-rest-client-jackson\3.19.3\quarkus-rest-client-jackson-3.19.3.jar;C:\Users\Dell\.m2\repository\io\quarkus\resteasy\reactive\resteasy-reactive-jackson\3.19.3\resteasy-reactive-jackson-3.19.3.jar;C:\Users\Dell\.m2\repository\com\fasterxml\jackson\core\jackson-databind\2.18.2\jackson-databind-2.18.2.jar;C:\Users\Dell\.m2\repository\com\fasterxml\jackson\core\jackson-annotations\2.18.2\jackson-annotations-2.18.2.jar;C:\Users\Dell\.m2\repository\io\quarkus\quarkus-rest-jackson-common\3.19.3\quarkus-rest-jackson-common-3.19.3.jar;C:\Users\Dell\.m2\repository\io\quarkus\quarkus-jackson\3.19.3\quarkus-jackson-3.19.3.jar;C:\Users\Dell\.m2\repository\com\fasterxml\jackson\datatype\jackson-datatype-jsr310\2.18.2\jackson-datatype-jsr310-2.18.2.jar;C:\Users\Dell\.m2\repository\com\fasterxml\jackson\datatype\jackson-datatype-jdk8\2.18.2\jackson-datatype-jdk8-2.18.2.jar;C:\Users\Dell\.m2\repository\com\fasterxml\jackson\module\jackson-module-parameter-names\2.18.2\jackson-module-parameter-names-2.18.2.jar;C:\Users\Dell\.m2\repository\io\quarkus\quarkus-rest-client\3.19.3\quarkus-rest-client-3.19.3.jar;C:\Users\Dell\.m2\repository\io\quarkus\quarkus-rest-client-jaxrs\3.19.3\quarkus-rest-client-jaxrs-3.19.3.jar;C:\Users\Dell\.m2\repository\io\quarkus\resteasy\reactive\resteasy-reactive-client\3.19.3\resteasy-reactive-client-3.19.3.jar;C:\Users\Dell\.m2\repository\io\vertx\vertx-web-client\4.5.13\vertx-web-client-4.5.13.jar;C:\Users\Dell\.m2\repository\io\quarkus\quarkus-smallrye-stork\3.19.3\quarkus-smallrye-stork-3.19.3.jar;C:\Users\Dell\.m2\repository\io\quarkus\quarkus-rest-client-config\3.19.3\quarkus-rest-client-config-3.19.3.jar;C:\Users\Dell\.m2\repository\io\smallrye\jandex\3.2.7\jandex-3.2.7.jar;C:\Users\Dell\.m2\repository\io\quarkus\quarkus-tls-registry\3.19.3\quarkus-tls-registry-3.19.3.jar;C:\Users\Dell\.m2\repository\io\smallrye\certs\smallrye-private-key-pem-parser\0.9.2\smallrye-private-key-pem-parser-0.9.2.jar;C:\Users\Dell\.m2\repository\io\smallrye\stork\stork-api\2.7.0\stork-api-2.7.0.jar;C:\Users\Dell\.m2\repository\io\smallrye\reactive\mutiny\2.8.0\mutiny-2.8.0.jar;C:\Users\Dell\.m2\repository\org\jctools\jctools-core\4.0.5\jctools-core-4.0.5.jar;C:\Users\Dell\.m2\repository\io\smallrye\stork\stork-core\2.7.0\stork-core-2.7.0.jar;C:\Users\Dell\.m2\repository\org\eclipse\microprofile\rest\client\microprofile-rest-client-api\4.0\microprofile-rest-client-api-4.0.jar;C:\Users\Dell\.m2\repository\io\quarkus\quarkus-smallrye-openapi\3.19.3\quarkus-smallrye-openapi-3.19.3.jar;C:\Users\Dell\.m2\repository\io\smallrye\smallrye-open-api-core\4.0.8\smallrye-open-api-core-4.0.8.jar;C:\Users\Dell\.m2\repository\org\eclipse\microprofile\openapi\microprofile-openapi-api\4.0.2\microprofile-openapi-api-4.0.2.jar;C:\Users\Dell\.m2\repository\org\eclipse\microprofile\config\microprofile-config-api\3.1\microprofile-config-api-3.1.jar;C:\Users\Dell\.m2\repository\io\smallrye\smallrye-open-api-model\4.0.8\smallrye-open-api-model-4.0.8.jar;C:\Users\Dell\.m2\repository\com\fasterxml\jackson\core\jackson-core\2.18.2\jackson-core-2.18.2.jar;C:\Users\Dell\.m2\repository\com\fasterxml\jackson\dataformat\jackson-dataformat-yaml\2.18.2\jackson-dataformat-yaml-2.18.2.jar;C:\Users\Dell\.m2\repository\org\yaml\snakeyaml\2.3\snakeyaml-2.3.jar;C:\Users\Dell\.m2\repository\io\smallrye\common\smallrye-common-classloader\2.10.0\smallrye-common-classloader-2.10.0.jar;C:\Users\Dell\.m2\repository\io\quarkus\quarkus-swagger-ui\3.19.3\quarkus-swagger-ui-3.19.3.jar;C:\Users\Dell\.m2\repository\io\quarkus\quarkus-rest-jackson\3.19.3\quarkus-rest-jackson-3.19.3.jar;C:\Users\Dell\.m2\repository\io\quarkus\quarkus-jdbc-postgresql\3.19.3\quarkus-jdbc-postgresql-3.19.3.jar;C:\Users\Dell\.m2\repository\org\postgresql\postgresql\42.7.5\postgresql-42.7.5.jar;C:\Users\Dell\.m2\repository\io\quarkus\quarkus-arc\3.19.3\quarkus-arc-3.19.3.jar;C:\Users\Dell\.m2\repository\io\quarkus\arc\arc\3.19.3\arc-3.19.3.jar;C:\Users\Dell\.m2\repository\org\eclipse\microprofile\context-propagation\microprofile-context-propagation-api\1.3\microprofile-context-propagation-api-1.3.jar;C:\Users\Dell\.m2\repository\io\quarkus\quarkus-junit5\3.19.3\quarkus-junit5-3.19.3.jar;C:\Users\Dell\.m2\repository\io\quarkus\quarkus-bootstrap-core\3.19.3\quarkus-bootstrap-core-3.19.3.jar;C:\Users\Dell\.m2\repository\io\quarkus\quarkus-classloader-commons\3.19.3\quarkus-classloader-commons-3.19.3.jar;C:\Users\Dell\.m2\repository\io\quarkus\quarkus-bootstrap-app-model\3.19.3\quarkus-bootstrap-app-model-3.19.3.jar;C:\Users\Dell\.m2\repository\io\smallrye\common\smallrye-common-io\2.10.0\smallrye-common-io-2.10.0.jar;C:\Users\Dell\.m2\repository\org\eclipse\sisu\org.eclipse.sisu.inject\0.9.0.M3\org.eclipse.sisu.inject-0.9.0.M3.jar;C:\Users\Dell\.m2\repository\io\quarkus\quarkus-test-common\3.19.3\quarkus-test-common-3.19.3.jar;C:\Users\Dell\.m2\repository\io\quarkus\quarkus-core-deployment\3.19.3\quarkus-core-deployment-3.19.3.jar;C:\Users\Dell\.m2\repository\org\aesh\readline\2.6\readline-2.6.jar;C:\Users\Dell\.m2\repository\org\fusesource\jansi\jansi\2.4.0\jansi-2.4.0.jar;C:\Users\Dell\.m2\repository\org\aesh\aesh\2.8.2\aesh-2.8.2.jar;C:\Users\Dell\.m2\repository\io\quarkus\gizmo\gizmo\1.8.0\gizmo-1.8.0.jar;C:\Users\Dell\.m2\repository\org\ow2\asm\asm-util\9.7.1\asm-util-9.7.1.jar;C:\Users\Dell\.m2\repository\org\ow2\asm\asm-analysis\9.7.1\asm-analysis-9.7.1.jar;C:\Users\Dell\.m2\repository\org\ow2\asm\asm\9.7.1\asm-9.7.1.jar;C:\Users\Dell\.m2\repository\org\ow2\asm\asm-commons\9.7.1\asm-commons-9.7.1.jar;C:\Users\Dell\.m2\repository\org\ow2\asm\asm-tree\9.7.1\asm-tree-9.7.1.jar;C:\Users\Dell\.m2\repository\io\quarkus\quarkus-hibernate-validator-spi\3.19.3\quarkus-hibernate-validator-spi-3.19.3.jar;C:\Users\Dell\.m2\repository\io\quarkus\quarkus-class-change-agent\3.19.3\quarkus-class-change-agent-3.19.3.jar;C:\Users\Dell\.m2\repository\io\quarkus\quarkus-devtools-utilities\3.19.3\quarkus-devtools-utilities-3.19.3.jar;C:\Users\Dell\.m2\repository\io\quarkus\quarkus-builder\3.19.3\quarkus-builder-3.19.3.jar;C:\Users\Dell\.m2\repository\org\graalvm\sdk\nativeimage\23.1.2\nativeimage-23.1.2.jar;C:\Users\Dell\.m2\repository\org\graalvm\sdk\word\23.1.2\word-23.1.2.jar;C:\Users\Dell\.m2\repository\org\junit\platform\junit-platform-launcher\1.10.5\junit-platform-launcher-1.10.5.jar;C:\Users\Dell\.m2\repository\io\quarkus\quarkus-bootstrap-maven-resolver\3.19.3\quarkus-bootstrap-maven-resolver-3.19.3.jar;C:\Users\Dell\.m2\repository\io\smallrye\beanbag\smallrye-beanbag-maven\1.5.2\smallrye-beanbag-maven-1.5.2.jar;C:\Users\Dell\.m2\repository\io\smallrye\beanbag\smallrye-beanbag-sisu\1.5.2\smallrye-beanbag-sisu-1.5.2.jar;C:\Users\Dell\.m2\repository\io\smallrye\beanbag\smallrye-beanbag\1.5.2\smallrye-beanbag-1.5.2.jar;C:\Users\Dell\.m2\repository\javax\inject\javax.inject\1\javax.inject-1.jar;C:\Users\Dell\.m2\repository\org\apache\maven\maven-artifact\3.9.9\maven-artifact-3.9.9.jar;C:\Users\Dell\.m2\repository\org\apache\maven\maven-builder-support\3.9.9\maven-builder-support-3.9.9.jar;C:\Users\Dell\.m2\repository\org\apache\maven\maven-model\3.9.9\maven-model-3.9.9.jar;C:\Users\Dell\.m2\repository\org\apache\maven\maven-model-builder\3.9.9\maven-model-builder-3.9.9.jar;C:\Users\Dell\.m2\repository\org\apache\maven\maven-repository-metadata\3.9.9\maven-repository-metadata-3.9.9.jar;C:\Users\Dell\.m2\repository\org\apache\maven\maven-settings\3.9.9\maven-settings-3.9.9.jar;C:\Users\Dell\.m2\repository\org\apache\maven\resolver\maven-resolver-api\1.9.22\maven-resolver-api-1.9.22.jar;C:\Users\Dell\.m2\repository\org\apache\maven\resolver\maven-resolver-impl\1.9.22\maven-resolver-impl-1.9.22.jar;C:\Users\Dell\.m2\repository\org\apache\maven\resolver\maven-resolver-named-locks\1.9.22\maven-resolver-named-locks-1.9.22.jar;C:\Users\Dell\.m2\repository\org\apache\maven\resolver\maven-resolver-spi\1.9.22\maven-resolver-spi-1.9.22.jar;C:\Users\Dell\.m2\repository\org\apache\maven\resolver\maven-resolver-util\1.9.22\maven-resolver-util-1.9.22.jar;C:\Users\Dell\.m2\repository\org\apache\maven\resolver\maven-resolver-transport-http\1.9.20\maven-resolver-transport-http-1.9.20.jar;C:\Users\Dell\.m2\repository\org\apache\maven\wagon\wagon-provider-api\3.5.3\wagon-provider-api-3.5.3.jar;C:\Users\Dell\.m2\repository\org\apache\maven\wagon\wagon-http-shared\3.5.3\wagon-http-shared-3.5.3.jar;C:\Users\Dell\.m2\repository\org\codehaus\plexus\plexus-interpolation\1.26\plexus-interpolation-1.26.jar;C:\Users\Dell\.m2\repository\org\codehaus\plexus\plexus-utils\3.5.1\plexus-utils-3.5.1.jar;C:\Users\Dell\.m2\repository\org\codehaus\plexus\plexus-xml\4.0.1\plexus-xml-4.0.1.jar;C:\Users\Dell\.m2\repository\org\apache\maven\maven-xml-impl\4.0.0-alpha-5\maven-xml-impl-4.0.0-alpha-5.jar;C:\Users\Dell\.m2\repository\org\apache\maven\maven-api-xml\4.0.0-alpha-5\maven-api-xml-4.0.0-alpha-5.jar;C:\Users\Dell\.m2\repository\org\apache\maven\maven-api-meta\4.0.0-alpha-5\maven-api-meta-4.0.0-alpha-5.jar;C:\Users\Dell\.m2\repository\org\codehaus\plexus\plexus-cipher\2.0\plexus-cipher-2.0.jar;C:\Users\Dell\.m2\repository\org\codehaus\plexus\plexus-sec-dispatcher\2.0\plexus-sec-dispatcher-2.0.jar;C:\Users\Dell\.m2\repository\org\apache\maven\maven-embedder\3.9.9\maven-embedder-3.9.9.jar;C:\Users\Dell\.m2\repository\org\apache\maven\maven-core\3.9.9\maven-core-3.9.9.jar;C:\Users\Dell\.m2\repository\org\codehaus\plexus\plexus-component-annotations\2.1.0\plexus-component-annotations-2.1.0.jar;C:\Users\Dell\.m2\repository\org\apache\maven\maven-plugin-api\3.9.9\maven-plugin-api-3.9.9.jar;C:\Users\Dell\.m2\repository\org\apache\maven\shared\maven-shared-utils\3.4.2\maven-shared-utils-3.4.2.jar;C:\Users\Dell\.m2\repository\com\google\inject\guice\5.1.0\guice-5.1.0.jar;C:\Users\Dell\.m2\repository\aopalliance\aopalliance\1.0\aopalliance-1.0.jar;C:\Users\Dell\.m2\repository\com\google\guava\guava\33.4.0-jre\guava-33.4.0-jre.jar;C:\Users\Dell\.m2\repository\com\google\guava\failureaccess\1.0.1\failureaccess-1.0.1.jar;C:\Users\Dell\.m2\repository\javax\annotation\javax.annotation-api\1.3.2\javax.annotation-api-1.3.2.jar;C:\Users\Dell\.m2\repository\org\codehaus\plexus\plexus-classworlds\2.6.0\plexus-classworlds-2.6.0.jar;C:\Users\Dell\.m2\repository\commons-cli\commons-cli\1.8.0\commons-cli-1.8.0.jar;C:\Users\Dell\.m2\repository\org\eclipse\sisu\org.eclipse.sisu.plexus\0.9.0.M3\org.eclipse.sisu.plexus-0.9.0.M3.jar;C:\Users\Dell\.m2\repository\org\apache\maven\maven-settings-builder\3.9.9\maven-settings-builder-3.9.9.jar;C:\Users\Dell\.m2\repository\org\apache\maven\maven-resolver-provider\3.9.9\maven-resolver-provider-3.9.9.jar;C:\Users\Dell\.m2\repository\org\apache\maven\resolver\maven-resolver-connector-basic\1.9.22\maven-resolver-connector-basic-1.9.22.jar;C:\Users\Dell\.m2\repository\org\apache\maven\resolver\maven-resolver-transport-wagon\1.9.22\maven-resolver-transport-wagon-1.9.22.jar;C:\Users\Dell\.m2\repository\org\apache\maven\wagon\wagon-http\3.5.3\wagon-http-3.5.3.jar;C:\Users\Dell\.m2\repository\org\apache\maven\wagon\wagon-file\3.5.3\wagon-file-3.5.3.jar;C:\Users\Dell\.m2\repository\io\quarkus\quarkus-bootstrap-gradle-resolver\3.19.3\quarkus-bootstrap-gradle-resolver-3.19.3.jar;C:\Users\Dell\.m2\repository\commons-io\commons-io\2.18.0\commons-io-2.18.0.jar;C:\Users\Dell\.m2\repository\io\quarkus\quarkus-junit5-config\3.19.3\quarkus-junit5-config-3.19.3.jar;C:\Users\Dell\.m2\repository\org\junit\jupiter\junit-jupiter-api\5.10.5\junit-jupiter-api-5.10.5.jar;C:\Users\Dell\.m2\repository\org\opentest4j\opentest4j\1.3.0\opentest4j-1.3.0.jar;C:\Users\Dell\.m2\repository\org\junit\platform\junit-platform-commons\1.10.5\junit-platform-commons-1.10.5.jar;C:\Users\Dell\.m2\repository\org\apiguardian\apiguardian-api\1.1.2\apiguardian-api-1.1.2.jar;C:\Users\Dell\.m2\repository\org\junit\jupiter\junit-jupiter\5.10.5\junit-jupiter-5.10.5.jar;C:\Users\Dell\.m2\repository\org\junit\jupiter\junit-jupiter-params\5.10.5\junit-jupiter-params-5.10.5.jar;C:\Users\Dell\.m2\repository\org\junit\jupiter\junit-jupiter-engine\5.10.5\junit-jupiter-engine-5.10.5.jar;C:\Users\Dell\.m2\repository\org\junit\platform\junit-platform-engine\1.10.5\junit-platform-engine-1.10.5.jar;C:\Users\Dell\.m2\repository\org\jboss\marshalling\jboss-marshalling\2.2.2.Final\jboss-marshalling-2.2.2.Final.jar;C:\Users\Dell\.m2\repository\io\rest-assured\rest-assured\5.5.1\rest-assured-5.5.1.jar;C:\Users\Dell\.m2\repository\org\apache\groovy\groovy\4.0.22\groovy-4.0.22.jar;C:\Users\Dell\.m2\repository\org\apache\groovy\groovy-xml\4.0.22\groovy-xml-4.0.22.jar;C:\Users\Dell\.m2\repository\org\apache\httpcomponents\httpclient\4.5.14\httpclient-4.5.14.jar;C:\Users\Dell\.m2\repository\org\apache\httpcomponents\httpcore\4.4.16\httpcore-4.4.16.jar;C:\Users\Dell\.m2\repository\commons-codec\commons-codec\1.18.0\commons-codec-1.18.0.jar;C:\Users\Dell\.m2\repository\org\apache\httpcomponents\httpmime\4.5.14\httpmime-4.5.14.jar;C:\Users\Dell\.m2\repository\org\hamcrest\hamcrest\2.2\hamcrest-2.2.jar;C:\Users\Dell\.m2\repository\org\ccil\cowan\tagsoup\tagsoup\1.2.1\tagsoup-1.2.1.jar;C:\Users\Dell\.m2\repository\io\rest-assured\json-path\5.5.1\json-path-5.5.1.jar;C:\Users\Dell\.m2\repository\org\apache\groovy\groovy-json\4.0.22\groovy-json-4.0.22.jar;C:\Users\Dell\.m2\repository\io\rest-assured\rest-assured-common\5.5.1\rest-assured-common-5.5.1.jar;C:\Users\Dell\.m2\repository\io\rest-assured\xml-path\5.5.1\xml-path-5.5.1.jar;C:\Users\Dell\.m2\repository\org\apache\commons\commons-lang3\3.17.0\commons-lang3-3.17.0.jar;"/>
    <property name="java.vm.vendor" value="Oracle Corporation"/>
    <property name="sun.arch.data.model" value="64"/>
    <property name="user.variant" value=""/>
    <property name="java.vendor.url" value="https://java.oracle.com/"/>
    <property name="user.timezone" value="Europe/Podgorica"/>
    <property name="user.country.format" value="ME"/>
    <property name="os.name" value="Windows 10"/>
    <property name="java.vm.specification.version" value="19"/>
    <property name="sun.java.launcher" value="SUN_STANDARD"/>
    <property name="user.country" value="US"/>
    <property name="groovy.use.classvalue" value="false"/>
    <property name="sun.boot.library.path" value="C:\Program Files\Java\jdk-19\bin"/>
    <property name="sun.java.command" value="C:\Users\Dell\AppData\Local\Temp\surefire11758545467135731246\surefirebooter-20250314165959500_3.jar C:\Users\Dell\AppData\Local\Temp\surefire11758545467135731246 2025-03-14T16-59-58_929-jvmRun1 surefire-20250314165959500_1tmp surefire_0-20250314165959500_2tmp"/>
    <property name="quarkus-local-container-runtime" value="UNAVAILABLE"/>
    <property name="jdk.debug" value="release"/>
    <property name="maven.home" value="C:\Program Files\Apache\Maven\apache-maven-3.9.9-bin\apache-maven-3.9.9"/>
    <property name="surefire.test.class.path" value="C:\Users\Dell\Desktop\objektno2\projekat\target\test-classes;C:\Users\Dell\Desktop\objektno2\projekat\target\classes;C:\Users\Dell\.m2\repository\io\quarkus\quarkus-rest\3.19.3\quarkus-rest-3.19.3.jar;C:\Users\Dell\.m2\repository\io\quarkus\quarkus-rest-common\3.19.3\quarkus-rest-common-3.19.3.jar;C:\Users\Dell\.m2\repository\io\quarkus\resteasy\reactive\resteasy-reactive-common\3.19.3\resteasy-reactive-common-3.19.3.jar;C:\Users\Dell\.m2\repository\io\quarkus\resteasy\reactive\resteasy-reactive-common-types\3.19.3\resteasy-reactive-common-types-3.19.3.jar;C:\Users\Dell\.m2\repository\org\reactivestreams\reactive-streams\1.0.4\reactive-streams-1.0.4.jar;C:\Users\Dell\.m2\repository\io\smallrye\common\smallrye-common-annotation\2.10.0\smallrye-common-annotation-2.10.0.jar;C:\Users\Dell\.m2\repository\io\quarkus\quarkus-mutiny\3.19.3\quarkus-mutiny-3.19.3.jar;C:\Users\Dell\.m2\repository\io\quarkus\quarkus-smallrye-context-propagation\3.19.3\quarkus-smallrye-context-propagation-3.19.3.jar;C:\Users\Dell\.m2\repository\io\smallrye\smallrye-context-propagation\2.2.0\smallrye-context-propagation-2.2.0.jar;C:\Users\Dell\.m2\repository\io\smallrye\smallrye-context-propagation-api\2.2.0\smallrye-context-propagation-api-2.2.0.jar;C:\Users\Dell\.m2\repository\io\smallrye\smallrye-context-propagation-storage\2.2.0\smallrye-context-propagation-storage-2.2.0.jar;C:\Users\Dell\.m2\repository\io\smallrye\reactive\mutiny-smallrye-context-propagation\2.8.0\mutiny-smallrye-context-propagation-2.8.0.jar;C:\Users\Dell\.m2\repository\io\quarkus\quarkus-vertx\3.19.3\quarkus-vertx-3.19.3.jar;C:\Users\Dell\.m2\repository\io\quarkus\quarkus-netty\3.19.3\quarkus-netty-3.19.3.jar;C:\Users\Dell\.m2\repository\io\netty\netty-codec\4.1.118.Final\netty-codec-4.1.118.Final.jar;C:\Users\Dell\.m2\repository\io\netty\netty-codec-haproxy\4.1.118.Final\netty-codec-haproxy-4.1.118.Final.jar;C:\Users\Dell\.m2\repository\io\quarkus\quarkus-vertx-latebound-mdc-provider\3.19.3\quarkus-vertx-latebound-mdc-provider-3.19.3.jar;C:\Users\Dell\.m2\repository\io\smallrye\smallrye-fault-tolerance-vertx\6.8.0\smallrye-fault-tolerance-vertx-6.8.0.jar;C:\Users\Dell\.m2\repository\io\quarkus\resteasy\reactive\resteasy-reactive-vertx\3.19.3\resteasy-reactive-vertx-3.19.3.jar;C:\Users\Dell\.m2\repository\io\vertx\vertx-web\4.5.13\vertx-web-4.5.13.jar;C:\Users\Dell\.m2\repository\io\vertx\vertx-web-common\4.5.13\vertx-web-common-4.5.13.jar;C:\Users\Dell\.m2\repository\io\vertx\vertx-auth-common\4.5.13\vertx-auth-common-4.5.13.jar;C:\Users\Dell\.m2\repository\io\vertx\vertx-bridge-common\4.5.13\vertx-bridge-common-4.5.13.jar;C:\Users\Dell\.m2\repository\io\smallrye\reactive\smallrye-mutiny-vertx-core\3.18.1\smallrye-mutiny-vertx-core-3.18.1.jar;C:\Users\Dell\.m2\repository\io\smallrye\reactive\smallrye-mutiny-vertx-runtime\3.18.1\smallrye-mutiny-vertx-runtime-3.18.1.jar;C:\Users\Dell\.m2\repository\io\smallrye\reactive\vertx-mutiny-generator\3.18.1\vertx-mutiny-generator-3.18.1.jar;C:\Users\Dell\.m2\repository\io\vertx\vertx-codegen\4.5.13\vertx-codegen-4.5.13.jar;C:\Users\Dell\.m2\repository\io\quarkus\resteasy\reactive\resteasy-reactive\3.19.3\resteasy-reactive-3.19.3.jar;C:\Users\Dell\.m2\repository\io\quarkus\vertx\utils\quarkus-vertx-utils\3.19.3\quarkus-vertx-utils-3.19.3.jar;C:\Users\Dell\.m2\repository\jakarta\enterprise\jakarta.enterprise.cdi-api\4.1.0\jakarta.enterprise.cdi-api-4.1.0.jar;C:\Users\Dell\.m2\repository\jakarta\enterprise\jakarta.enterprise.lang-model\4.1.0\jakarta.enterprise.lang-model-4.1.0.jar;C:\Users\Dell\.m2\repository\jakarta\el\jakarta.el-api\5.0.1\jakarta.el-api-5.0.1.jar;C:\Users\Dell\.m2\repository\jakarta\interceptor\jakarta.interceptor-api\2.2.0\jakarta.interceptor-api-2.2.0.jar;C:\Users\Dell\.m2\repository\jakarta\ws\rs\jakarta.ws.rs-api\3.1.0\jakarta.ws.rs-api-3.1.0.jar;C:\Users\Dell\.m2\repository\jakarta\annotation\jakarta.annotation-api\3.0.0\jakarta.annotation-api-3.0.0.jar;C:\Users\Dell\.m2\repository\org\jboss\logging\commons-logging-jboss-logging\1.0.0.Final\commons-logging-jboss-logging-1.0.0.Final.jar;C:\Users\Dell\.m2\repository\org\jboss\logging\jboss-logging\3.6.1.Final\jboss-logging-3.6.1.Final.jar;C:\Users\Dell\.m2\repository\io\quarkus\quarkus-vertx-http\3.19.3\quarkus-vertx-http-3.19.3.jar;C:\Users\Dell\.m2\repository\io\quarkus\quarkus-security-runtime-spi\3.19.3\quarkus-security-runtime-spi-3.19.3.jar;C:\Users\Dell\.m2\repository\io\quarkus\quarkus-credentials\3.19.3\quarkus-credentials-3.19.3.jar;C:\Users\Dell\.m2\repository\io\smallrye\common\smallrye-common-vertx-context\2.10.0\smallrye-common-vertx-context-2.10.0.jar;C:\Users\Dell\.m2\repository\io\smallrye\common\smallrye-common-constraint\2.10.0\smallrye-common-constraint-2.10.0.jar;C:\Users\Dell\.m2\repository\io\quarkus\security\quarkus-security\2.2.0\quarkus-security-2.2.0.jar;C:\Users\Dell\.m2\repository\io\smallrye\reactive\smallrye-mutiny-vertx-web\3.18.1\smallrye-mutiny-vertx-web-3.18.1.jar;C:\Users\Dell\.m2\repository\io\smallrye\reactive\smallrye-mutiny-vertx-web-common\3.18.1\smallrye-mutiny-vertx-web-common-3.18.1.jar;C:\Users\Dell\.m2\repository\io\smallrye\reactive\smallrye-mutiny-vertx-auth-common\3.18.1\smallrye-mutiny-vertx-auth-common-3.18.1.jar;C:\Users\Dell\.m2\repository\io\smallrye\reactive\smallrye-mutiny-vertx-bridge-common\3.18.1\smallrye-mutiny-vertx-bridge-common-3.18.1.jar;C:\Users\Dell\.m2\repository\io\smallrye\reactive\smallrye-mutiny-vertx-uri-template\3.18.1\smallrye-mutiny-vertx-uri-template-3.18.1.jar;C:\Users\Dell\.m2\repository\io\vertx\vertx-uri-template\4.5.13\vertx-uri-template-4.5.13.jar;C:\Users\Dell\.m2\repository\io\github\crac\org-crac\0.1.3\org-crac-0.1.3.jar;C:\Users\Dell\.m2\repository\com\aayushatharva\brotli4j\brotli4j\1.16.0\brotli4j-1.16.0.jar;C:\Users\Dell\.m2\repository\com\aayushatharva\brotli4j\service\1.16.0\service-1.16.0.jar;C:\Users\Dell\.m2\repository\com\aayushatharva\brotli4j\native-windows-x86_64\1.16.0\native-windows-x86_64-1.16.0.jar;C:\Users\Dell\.m2\repository\io\quarkus\quarkus-jsonp\3.19.3\quarkus-jsonp-3.19.3.jar;C:\Users\Dell\.m2\repository\org\eclipse\parsson\parsson\1.1.7\parsson-1.1.7.jar;C:\Users\Dell\.m2\repository\jakarta\json\jakarta.json-api\2.1.3\jakarta.json-api-2.1.3.jar;C:\Users\Dell\.m2\repository\io\quarkus\quarkus-virtual-threads\3.19.3\quarkus-virtual-threads-3.19.3.jar;C:\Users\Dell\.m2\repository\io\vertx\vertx-core\4.5.13\vertx-core-4.5.13.jar;C:\Users\Dell\.m2\repository\io\netty\netty-common\4.1.118.Final\netty-common-4.1.118.Final.jar;C:\Users\Dell\.m2\repository\io\netty\netty-buffer\4.1.118.Final\netty-buffer-4.1.118.Final.jar;C:\Users\Dell\.m2\repository\io\netty\netty-transport\4.1.118.Final\netty-transport-4.1.118.Final.jar;C:\Users\Dell\.m2\repository\io\netty\netty-handler\4.1.118.Final\netty-handler-4.1.118.Final.jar;C:\Users\Dell\.m2\repository\io\netty\netty-transport-native-unix-common\4.1.118.Final\netty-transport-native-unix-common-4.1.118.Final.jar;C:\Users\Dell\.m2\repository\io\netty\netty-handler-proxy\4.1.118.Final\netty-handler-proxy-4.1.118.Final.jar;C:\Users\Dell\.m2\repository\io\netty\netty-codec-socks\4.1.118.Final\netty-codec-socks-4.1.118.Final.jar;C:\Users\Dell\.m2\repository\io\netty\netty-codec-http\4.1.118.Final\netty-codec-http-4.1.118.Final.jar;C:\Users\Dell\.m2\repository\io\netty\netty-codec-http2\4.1.118.Final\netty-codec-http2-4.1.118.Final.jar;C:\Users\Dell\.m2\repository\io\netty\netty-resolver\4.1.118.Final\netty-resolver-4.1.118.Final.jar;C:\Users\Dell\.m2\repository\io\netty\netty-resolver-dns\4.1.118.Final\netty-resolver-dns-4.1.118.Final.jar;C:\Users\Dell\.m2\repository\io\netty\netty-codec-dns\4.1.118.Final\netty-codec-dns-4.1.118.Final.jar;C:\Users\Dell\.m2\repository\io\quarkus\quarkus-hibernate-orm\3.19.3\quarkus-hibernate-orm-3.19.3.jar;C:\Users\Dell\.m2\repository\io\quarkus\quarkus-core\3.19.3\quarkus-core-3.19.3.jar;C:\Users\Dell\.m2\repository\jakarta\inject\jakarta.inject-api\2.0.1\jakarta.inject-api-2.0.1.jar;C:\Users\Dell\.m2\repository\io\smallrye\common\smallrye-common-os\2.10.0\smallrye-common-os-2.10.0.jar;C:\Users\Dell\.m2\repository\io\quarkus\quarkus-ide-launcher\3.19.3\quarkus-ide-launcher-3.19.3.jar;C:\Users\Dell\.m2\repository\io\quarkus\quarkus-development-mode-spi\3.19.3\quarkus-development-mode-spi-3.19.3.jar;C:\Users\Dell\.m2\repository\io\smallrye\config\smallrye-config\3.11.4\smallrye-config-3.11.4.jar;C:\Users\Dell\.m2\repository\io\smallrye\config\smallrye-config-core\3.11.4\smallrye-config-core-3.11.4.jar;C:\Users\Dell\.m2\repository\io\smallrye\config\smallrye-config-common\3.11.4\smallrye-config-common-3.11.4.jar;C:\Users\Dell\.m2\repository\org\jboss\logmanager\jboss-logmanager\3.1.1.Final\jboss-logmanager-3.1.1.Final.jar;C:\Users\Dell\.m2\repository\io\smallrye\common\smallrye-common-cpu\2.10.0\smallrye-common-cpu-2.10.0.jar;C:\Users\Dell\.m2\repository\io\smallrye\common\smallrye-common-expression\2.10.0\smallrye-common-expression-2.10.0.jar;C:\Users\Dell\.m2\repository\io\smallrye\common\smallrye-common-net\2.10.0\smallrye-common-net-2.10.0.jar;C:\Users\Dell\.m2\repository\io\smallrye\common\smallrye-common-ref\2.10.0\smallrye-common-ref-2.10.0.jar;C:\Users\Dell\.m2\repository\org\jboss\logging\jboss-logging-annotations\3.0.4.Final\jboss-logging-annotations-3.0.4.Final.jar;C:\Users\Dell\.m2\repository\org\jboss\threads\jboss-threads\3.8.0.Final\jboss-threads-3.8.0.Final.jar;C:\Users\Dell\.m2\repository\io\smallrye\common\smallrye-common-function\2.10.0\smallrye-common-function-2.10.0.jar;C:\Users\Dell\.m2\repository\org\slf4j\slf4j-api\2.0.6\slf4j-api-2.0.6.jar;C:\Users\Dell\.m2\repository\org\jboss\slf4j\slf4j-jboss-logmanager\2.0.0.Final\slf4j-jboss-logmanager-2.0.0.Final.jar;C:\Users\Dell\.m2\repository\org\wildfly\common\wildfly-common\2.0.1\wildfly-common-2.0.1.jar;C:\Users\Dell\.m2\repository\io\quarkus\quarkus-bootstrap-runner\3.19.3\quarkus-bootstrap-runner-3.19.3.jar;C:\Users\Dell\.m2\repository\io\quarkus\quarkus-fs-util\0.0.10\quarkus-fs-util-0.0.10.jar;C:\Users\Dell\.m2\repository\io\quarkus\quarkus-agroal\3.19.3\quarkus-agroal-3.19.3.jar;C:\Users\Dell\.m2\repository\io\quarkus\quarkus-datasource\3.19.3\quarkus-datasource-3.19.3.jar;C:\Users\Dell\.m2\repository\io\agroal\agroal-api\2.5\agroal-api-2.5.jar;C:\Users\Dell\.m2\repository\io\agroal\agroal-narayana\2.5\agroal-narayana-2.5.jar;C:\Users\Dell\.m2\repository\org\jboss\jboss-transaction-spi\8.0.0.Final\jboss-transaction-spi-8.0.0.Final.jar;C:\Users\Dell\.m2\repository\io\agroal\agroal-pool\2.5\agroal-pool-2.5.jar;C:\Users\Dell\.m2\repository\io\quarkus\quarkus-narayana-jta\3.19.3\quarkus-narayana-jta-3.19.3.jar;C:\Users\Dell\.m2\repository\io\quarkus\quarkus-transaction-annotations\3.19.3\quarkus-transaction-annotations-3.19.3.jar;C:\Users\Dell\.m2\repository\io\quarkus\quarkus-datasource-common\3.19.3\quarkus-datasource-common-3.19.3.jar;C:\Users\Dell\.m2\repository\io\smallrye\smallrye-context-propagation-jta\2.2.0\smallrye-context-propagation-jta-2.2.0.jar;C:\Users\Dell\.m2\repository\io\smallrye\reactive\smallrye-reactive-converter-api\3.0.1\smallrye-reactive-converter-api-3.0.1.jar;C:\Users\Dell\.m2\repository\io\smallrye\reactive\smallrye-reactive-converter-mutiny\3.0.1\smallrye-reactive-converter-mutiny-3.0.1.jar;C:\Users\Dell\.m2\repository\io\smallrye\reactive\mutiny-zero-flow-adapters\1.1.1\mutiny-zero-flow-adapters-1.1.1.jar;C:\Users\Dell\.m2\repository\org\jboss\narayana\jta\narayana-jta\7.2.1.Final\narayana-jta-7.2.1.Final.jar;C:\Users\Dell\.m2\repository\jakarta\resource\jakarta.resource-api\2.1.0\jakarta.resource-api-2.1.0.jar;C:\Users\Dell\.m2\repository\org\jboss\invocation\jboss-invocation\2.0.0.Final\jboss-invocation-2.0.0.Final.jar;C:\Users\Dell\.m2\repository\org\eclipse\microprofile\reactive-streams-operators\microprofile-reactive-streams-operators-api\3.0.1\microprofile-reactive-streams-operators-api-3.0.1.jar;C:\Users\Dell\.m2\repository\org\jboss\narayana\jts\narayana-jts-integration\7.2.1.Final\narayana-jts-integration-7.2.1.Final.jar;C:\Users\Dell\.m2\repository\org\hibernate\orm\hibernate-core\6.6.10.Final\hibernate-core-6.6.10.Final.jar;C:\Users\Dell\.m2\repository\com\fasterxml\classmate\1.7.0\classmate-1.7.0.jar;C:\Users\Dell\.m2\repository\org\antlr\antlr4-runtime\4.13.0\antlr4-runtime-4.13.0.jar;C:\Users\Dell\.m2\repository\net\bytebuddy\byte-buddy\1.15.11\byte-buddy-1.15.11.jar;C:\Users\Dell\.m2\repository\org\hibernate\common\hibernate-commons-annotations\7.0.3.Final\hibernate-commons-annotations-7.0.3.Final.jar;C:\Users\Dell\.m2\repository\org\hibernate\orm\hibernate-graalvm\6.6.10.Final\hibernate-graalvm-6.6.10.Final.jar;C:\Users\Dell\.m2\repository\org\glassfish\jaxb\jaxb-runtime\4.0.5\jaxb-runtime-4.0.5.jar;C:\Users\Dell\.m2\repository\org\glassfish\jaxb\jaxb-core\4.0.5\jaxb-core-4.0.5.jar;C:\Users\Dell\.m2\repository\org\eclipse\angus\angus-activation\2.0.2\angus-activation-2.0.2.jar;C:\Users\Dell\.m2\repository\org\glassfish\jaxb\txw2\4.0.5\txw2-4.0.5.jar;C:\Users\Dell\.m2\repository\com\sun\istack\istack-commons-runtime\4.1.2\istack-commons-runtime-4.1.2.jar;C:\Users\Dell\.m2\repository\jakarta\xml\bind\jakarta.xml.bind-api\4.0.2\jakarta.xml.bind-api-4.0.2.jar;C:\Users\Dell\.m2\repository\jakarta\activation\jakarta.activation-api\2.1.3\jakarta.activation-api-2.1.3.jar;C:\Users\Dell\.m2\repository\jakarta\persistence\jakarta.persistence-api\3.1.0\jakarta.persistence-api-3.1.0.jar;C:\Users\Dell\.m2\repository\jakarta\transaction\jakarta.transaction-api\2.0.1\jakarta.transaction-api-2.0.1.jar;C:\Users\Dell\.m2\repository\org\hibernate\quarkus-local-cache\0.3.0\quarkus-local-cache-0.3.0.jar;C:\Users\Dell\.m2\repository\io\quarkus\quarkus-caffeine\3.19.3\quarkus-caffeine-3.19.3.jar;C:\Users\Dell\.m2\repository\com\github\ben-manes\caffeine\caffeine\3.2.0\caffeine-3.2.0.jar;C:\Users\Dell\.m2\repository\org\jspecify\jspecify\1.0.0\jspecify-1.0.0.jar;C:\Users\Dell\.m2\repository\com\google\errorprone\error_prone_annotations\2.36.0\error_prone_annotations-2.36.0.jar;C:\Users\Dell\.m2\repository\io\quarkus\quarkus-rest-client-jackson\3.19.3\quarkus-rest-client-jackson-3.19.3.jar;C:\Users\Dell\.m2\repository\io\quarkus\resteasy\reactive\resteasy-reactive-jackson\3.19.3\resteasy-reactive-jackson-3.19.3.jar;C:\Users\Dell\.m2\repository\com\fasterxml\jackson\core\jackson-databind\2.18.2\jackson-databind-2.18.2.jar;C:\Users\Dell\.m2\repository\com\fasterxml\jackson\core\jackson-annotations\2.18.2\jackson-annotations-2.18.2.jar;C:\Users\Dell\.m2\repository\io\quarkus\quarkus-rest-jackson-common\3.19.3\quarkus-rest-jackson-common-3.19.3.jar;C:\Users\Dell\.m2\repository\io\quarkus\quarkus-jackson\3.19.3\quarkus-jackson-3.19.3.jar;C:\Users\Dell\.m2\repository\com\fasterxml\jackson\datatype\jackson-datatype-jsr310\2.18.2\jackson-datatype-jsr310-2.18.2.jar;C:\Users\Dell\.m2\repository\com\fasterxml\jackson\datatype\jackson-datatype-jdk8\2.18.2\jackson-datatype-jdk8-2.18.2.jar;C:\Users\Dell\.m2\repository\com\fasterxml\jackson\module\jackson-module-parameter-names\2.18.2\jackson-module-parameter-names-2.18.2.jar;C:\Users\Dell\.m2\repository\io\quarkus\quarkus-rest-client\3.19.3\quarkus-rest-client-3.19.3.jar;C:\Users\Dell\.m2\repository\io\quarkus\quarkus-rest-client-jaxrs\3.19.3\quarkus-rest-client-jaxrs-3.19.3.jar;C:\Users\Dell\.m2\repository\io\quarkus\resteasy\reactive\resteasy-reactive-client\3.19.3\resteasy-reactive-client-3.19.3.jar;C:\Users\Dell\.m2\repository\io\vertx\vertx-web-client\4.5.13\vertx-web-client-4.5.13.jar;C:\Users\Dell\.m2\repository\io\quarkus\quarkus-smallrye-stork\3.19.3\quarkus-smallrye-stork-3.19.3.jar;C:\Users\Dell\.m2\repository\io\quarkus\quarkus-rest-client-config\3.19.3\quarkus-rest-client-config-3.19.3.jar;C:\Users\Dell\.m2\repository\io\smallrye\jandex\3.2.7\jandex-3.2.7.jar;C:\Users\Dell\.m2\repository\io\quarkus\quarkus-tls-registry\3.19.3\quarkus-tls-registry-3.19.3.jar;C:\Users\Dell\.m2\repository\io\smallrye\certs\smallrye-private-key-pem-parser\0.9.2\smallrye-private-key-pem-parser-0.9.2.jar;C:\Users\Dell\.m2\repository\io\smallrye\stork\stork-api\2.7.0\stork-api-2.7.0.jar;C:\Users\Dell\.m2\repository\io\smallrye\reactive\mutiny\2.8.0\mutiny-2.8.0.jar;C:\Users\Dell\.m2\repository\org\jctools\jctools-core\4.0.5\jctools-core-4.0.5.jar;C:\Users\Dell\.m2\repository\io\smallrye\stork\stork-core\2.7.0\stork-core-2.7.0.jar;C:\Users\Dell\.m2\repository\org\eclipse\microprofile\rest\client\microprofile-rest-client-api\4.0\microprofile-rest-client-api-4.0.jar;C:\Users\Dell\.m2\repository\io\quarkus\quarkus-smallrye-openapi\3.19.3\quarkus-smallrye-openapi-3.19.3.jar;C:\Users\Dell\.m2\repository\io\smallrye\smallrye-open-api-core\4.0.8\smallrye-open-api-core-4.0.8.jar;C:\Users\Dell\.m2\repository\org\eclipse\microprofile\openapi\microprofile-openapi-api\4.0.2\microprofile-openapi-api-4.0.2.jar;C:\Users\Dell\.m2\repository\org\eclipse\microprofile\config\microprofile-config-api\3.1\microprofile-config-api-3.1.jar;C:\Users\Dell\.m2\repository\io\smallrye\smallrye-open-api-model\4.0.8\smallrye-open-api-model-4.0.8.jar;C:\Users\Dell\.m2\repository\com\fasterxml\jackson\core\jackson-core\2.18.2\jackson-core-2.18.2.jar;C:\Users\Dell\.m2\repository\com\fasterxml\jackson\dataformat\jackson-dataformat-yaml\2.18.2\jackson-dataformat-yaml-2.18.2.jar;C:\Users\Dell\.m2\repository\org\yaml\snakeyaml\2.3\snakeyaml-2.3.jar;C:\Users\Dell\.m2\repository\io\smallrye\common\smallrye-common-classloader\2.10.0\smallrye-common-classloader-2.10.0.jar;C:\Users\Dell\.m2\repository\io\quarkus\quarkus-swagger-ui\3.19.3\quarkus-swagger-ui-3.19.3.jar;C:\Users\Dell\.m2\repository\io\quarkus\quarkus-rest-jackson\3.19.3\quarkus-rest-jackson-3.19.3.jar;C:\Users\Dell\.m2\repository\io\quarkus\quarkus-jdbc-postgresql\3.19.3\quarkus-jdbc-postgresql-3.19.3.jar;C:\Users\Dell\.m2\repository\org\postgresql\postgresql\42.7.5\postgresql-42.7.5.jar;C:\Users\Dell\.m2\repository\io\quarkus\quarkus-arc\3.19.3\quarkus-arc-3.19.3.jar;C:\Users\Dell\.m2\repository\io\quarkus\arc\arc\3.19.3\arc-3.19.3.jar;C:\Users\Dell\.m2\repository\org\eclipse\microprofile\context-propagation\microprofile-context-propagation-api\1.3\microprofile-context-propagation-api-1.3.jar;C:\Users\Dell\.m2\repository\io\quarkus\quarkus-junit5\3.19.3\quarkus-junit5-3.19.3.jar;C:\Users\Dell\.m2\repository\io\quarkus\quarkus-bootstrap-core\3.19.3\quarkus-bootstrap-core-3.19.3.jar;C:\Users\Dell\.m2\repository\io\quarkus\quarkus-classloader-commons\3.19.3\quarkus-classloader-commons-3.19.3.jar;C:\Users\Dell\.m2\repository\io\quarkus\quarkus-bootstrap-app-model\3.19.3\quarkus-bootstrap-app-model-3.19.3.jar;C:\Users\Dell\.m2\repository\io\smallrye\common\smallrye-common-io\2.10.0\smallrye-common-io-2.10.0.jar;C:\Users\Dell\.m2\repository\org\eclipse\sisu\org.eclipse.sisu.inject\0.9.0.M3\org.eclipse.sisu.inject-0.9.0.M3.jar;C:\Users\Dell\.m2\repository\io\quarkus\quarkus-test-common\3.19.3\quarkus-test-common-3.19.3.jar;C:\Users\Dell\.m2\repository\io\quarkus\quarkus-core-deployment\3.19.3\quarkus-core-deployment-3.19.3.jar;C:\Users\Dell\.m2\repository\org\aesh\readline\2.6\readline-2.6.jar;C:\Users\Dell\.m2\repository\org\fusesource\jansi\jansi\2.4.0\jansi-2.4.0.jar;C:\Users\Dell\.m2\repository\org\aesh\aesh\2.8.2\aesh-2.8.2.jar;C:\Users\Dell\.m2\repository\io\quarkus\gizmo\gizmo\1.8.0\gizmo-1.8.0.jar;C:\Users\Dell\.m2\repository\org\ow2\asm\asm-util\9.7.1\asm-util-9.7.1.jar;C:\Users\Dell\.m2\repository\org\ow2\asm\asm-analysis\9.7.1\asm-analysis-9.7.1.jar;C:\Users\Dell\.m2\repository\org\ow2\asm\asm\9.7.1\asm-9.7.1.jar;C:\Users\Dell\.m2\repository\org\ow2\asm\asm-commons\9.7.1\asm-commons-9.7.1.jar;C:\Users\Dell\.m2\repository\org\ow2\asm\asm-tree\9.7.1\asm-tree-9.7.1.jar;C:\Users\Dell\.m2\repository\io\quarkus\quarkus-hibernate-validator-spi\3.19.3\quarkus-hibernate-validator-spi-3.19.3.jar;C:\Users\Dell\.m2\repository\io\quarkus\quarkus-class-change-agent\3.19.3\quarkus-class-change-agent-3.19.3.jar;C:\Users\Dell\.m2\repository\io\quarkus\quarkus-devtools-utilities\3.19.3\quarkus-devtools-utilities-3.19.3.jar;C:\Users\Dell\.m2\repository\io\quarkus\quarkus-builder\3.19.3\quarkus-builder-3.19.3.jar;C:\Users\Dell\.m2\repository\org\graalvm\sdk\nativeimage\23.1.2\nativeimage-23.1.2.jar;C:\Users\Dell\.m2\repository\org\graalvm\sdk\word\23.1.2\word-23.1.2.jar;C:\Users\Dell\.m2\repository\org\junit\platform\junit-platform-launcher\1.10.5\junit-platform-launcher-1.10.5.jar;C:\Users\Dell\.m2\repository\io\quarkus\quarkus-bootstrap-maven-resolver\3.19.3\quarkus-bootstrap-maven-resolver-3.19.3.jar;C:\Users\Dell\.m2\repository\io\smallrye\beanbag\smallrye-beanbag-maven\1.5.2\smallrye-beanbag-maven-1.5.2.jar;C:\Users\Dell\.m2\repository\io\smallrye\beanbag\smallrye-beanbag-sisu\1.5.2\smallrye-beanbag-sisu-1.5.2.jar;C:\Users\Dell\.m2\repository\io\smallrye\beanbag\smallrye-beanbag\1.5.2\smallrye-beanbag-1.5.2.jar;C:\Users\Dell\.m2\repository\javax\inject\javax.inject\1\javax.inject-1.jar;C:\Users\Dell\.m2\repository\org\apache\maven\maven-artifact\3.9.9\maven-artifact-3.9.9.jar;C:\Users\Dell\.m2\repository\org\apache\maven\maven-builder-support\3.9.9\maven-builder-support-3.9.9.jar;C:\Users\Dell\.m2\repository\org\apache\maven\maven-model\3.9.9\maven-model-3.9.9.jar;C:\Users\Dell\.m2\repository\org\apache\maven\maven-model-builder\3.9.9\maven-model-builder-3.9.9.jar;C:\Users\Dell\.m2\repository\org\apache\maven\maven-repository-metadata\3.9.9\maven-repository-metadata-3.9.9.jar;C:\Users\Dell\.m2\repository\org\apache\maven\maven-settings\3.9.9\maven-settings-3.9.9.jar;C:\Users\Dell\.m2\repository\org\apache\maven\resolver\maven-resolver-api\1.9.22\maven-resolver-api-1.9.22.jar;C:\Users\Dell\.m2\repository\org\apache\maven\resolver\maven-resolver-impl\1.9.22\maven-resolver-impl-1.9.22.jar;C:\Users\Dell\.m2\repository\org\apache\maven\resolver\maven-resolver-named-locks\1.9.22\maven-resolver-named-locks-1.9.22.jar;C:\Users\Dell\.m2\repository\org\apache\maven\resolver\maven-resolver-spi\1.9.22\maven-resolver-spi-1.9.22.jar;C:\Users\Dell\.m2\repository\org\apache\maven\resolver\maven-resolver-util\1.9.22\maven-resolver-util-1.9.22.jar;C:\Users\Dell\.m2\repository\org\apache\maven\resolver\maven-resolver-transport-http\1.9.20\maven-resolver-transport-http-1.9.20.jar;C:\Users\Dell\.m2\repository\org\apache\maven\wagon\wagon-provider-api\3.5.3\wagon-provider-api-3.5.3.jar;C:\Users\Dell\.m2\repository\org\apache\maven\wagon\wagon-http-shared\3.5.3\wagon-http-shared-3.5.3.jar;C:\Users\Dell\.m2\repository\org\codehaus\plexus\plexus-interpolation\1.26\plexus-interpolation-1.26.jar;C:\Users\Dell\.m2\repository\org\codehaus\plexus\plexus-utils\3.5.1\plexus-utils-3.5.1.jar;C:\Users\Dell\.m2\repository\org\codehaus\plexus\plexus-xml\4.0.1\plexus-xml-4.0.1.jar;C:\Users\Dell\.m2\repository\org\apache\maven\maven-xml-impl\4.0.0-alpha-5\maven-xml-impl-4.0.0-alpha-5.jar;C:\Users\Dell\.m2\repository\org\apache\maven\maven-api-xml\4.0.0-alpha-5\maven-api-xml-4.0.0-alpha-5.jar;C:\Users\Dell\.m2\repository\org\apache\maven\maven-api-meta\4.0.0-alpha-5\maven-api-meta-4.0.0-alpha-5.jar;C:\Users\Dell\.m2\repository\org\codehaus\plexus\plexus-cipher\2.0\plexus-cipher-2.0.jar;C:\Users\Dell\.m2\repository\org\codehaus\plexus\plexus-sec-dispatcher\2.0\plexus-sec-dispatcher-2.0.jar;C:\Users\Dell\.m2\repository\org\apache\maven\maven-embedder\3.9.9\maven-embedder-3.9.9.jar;C:\Users\Dell\.m2\repository\org\apache\maven\maven-core\3.9.9\maven-core-3.9.9.jar;C:\Users\Dell\.m2\repository\org\codehaus\plexus\plexus-component-annotations\2.1.0\plexus-component-annotations-2.1.0.jar;C:\Users\Dell\.m2\repository\org\apache\maven\maven-plugin-api\3.9.9\maven-plugin-api-3.9.9.jar;C:\Users\Dell\.m2\repository\org\apache\maven\shared\maven-shared-utils\3.4.2\maven-shared-utils-3.4.2.jar;C:\Users\Dell\.m2\repository\com\google\inject\guice\5.1.0\guice-5.1.0.jar;C:\Users\Dell\.m2\repository\aopalliance\aopalliance\1.0\aopalliance-1.0.jar;C:\Users\Dell\.m2\repository\com\google\guava\guava\33.4.0-jre\guava-33.4.0-jre.jar;C:\Users\Dell\.m2\repository\com\google\guava\failureaccess\1.0.1\failureaccess-1.0.1.jar;C:\Users\Dell\.m2\repository\javax\annotation\javax.annotation-api\1.3.2\javax.annotation-api-1.3.2.jar;C:\Users\Dell\.m2\repository\org\codehaus\plexus\plexus-classworlds\2.6.0\plexus-classworlds-2.6.0.jar;C:\Users\Dell\.m2\repository\commons-cli\commons-cli\1.8.0\commons-cli-1.8.0.jar;C:\Users\Dell\.m2\repository\org\eclipse\sisu\org.eclipse.sisu.plexus\0.9.0.M3\org.eclipse.sisu.plexus-0.9.0.M3.jar;C:\Users\Dell\.m2\repository\org\apache\maven\maven-settings-builder\3.9.9\maven-settings-builder-3.9.9.jar;C:\Users\Dell\.m2\repository\org\apache\maven\maven-resolver-provider\3.9.9\maven-resolver-provider-3.9.9.jar;C:\Users\Dell\.m2\repository\org\apache\maven\resolver\maven-resolver-connector-basic\1.9.22\maven-resolver-connector-basic-1.9.22.jar;C:\Users\Dell\.m2\repository\org\apache\maven\resolver\maven-resolver-transport-wagon\1.9.22\maven-resolver-transport-wagon-1.9.22.jar;C:\Users\Dell\.m2\repository\org\apache\maven\wagon\wagon-http\3.5.3\wagon-http-3.5.3.jar;C:\Users\Dell\.m2\repository\org\apache\maven\wagon\wagon-file\3.5.3\wagon-file-3.5.3.jar;C:\Users\Dell\.m2\repository\io\quarkus\quarkus-bootstrap-gradle-resolver\3.19.3\quarkus-bootstrap-gradle-resolver-3.19.3.jar;C:\Users\Dell\.m2\repository\commons-io\commons-io\2.18.0\commons-io-2.18.0.jar;C:\Users\Dell\.m2\repository\io\quarkus\quarkus-junit5-config\3.19.3\quarkus-junit5-config-3.19.3.jar;C:\Users\Dell\.m2\repository\org\junit\jupiter\junit-jupiter-api\5.10.5\junit-jupiter-api-5.10.5.jar;C:\Users\Dell\.m2\repository\org\opentest4j\opentest4j\1.3.0\opentest4j-1.3.0.jar;C:\Users\Dell\.m2\repository\org\junit\platform\junit-platform-commons\1.10.5\junit-platform-commons-1.10.5.jar;C:\Users\Dell\.m2\repository\org\apiguardian\apiguardian-api\1.1.2\apiguardian-api-1.1.2.jar;C:\Users\Dell\.m2\repository\org\junit\jupiter\junit-jupiter\5.10.5\junit-jupiter-5.10.5.jar;C:\Users\Dell\.m2\repository\org\junit\jupiter\junit-jupiter-params\5.10.5\junit-jupiter-params-5.10.5.jar;C:\Users\Dell\.m2\repository\org\junit\jupiter\junit-jupiter-engine\5.10.5\junit-jupiter-engine-5.10.5.jar;C:\Users\Dell\.m2\repository\org\junit\platform\junit-platform-engine\1.10.5\junit-platform-engine-1.10.5.jar;C:\Users\Dell\.m2\repository\org\jboss\marshalling\jboss-marshalling\2.2.2.Final\jboss-marshalling-2.2.2.Final.jar;C:\Users\Dell\.m2\repository\io\rest-assured\rest-assured\5.5.1\rest-assured-5.5.1.jar;C:\Users\Dell\.m2\repository\org\apache\groovy\groovy\4.0.22\groovy-4.0.22.jar;C:\Users\Dell\.m2\repository\org\apache\groovy\groovy-xml\4.0.22\groovy-xml-4.0.22.jar;C:\Users\Dell\.m2\repository\org\apache\httpcomponents\httpclient\4.5.14\httpclient-4.5.14.jar;C:\Users\Dell\.m2\repository\org\apache\httpcomponents\httpcore\4.4.16\httpcore-4.4.16.jar;C:\Users\Dell\.m2\repository\commons-codec\commons-codec\1.18.0\commons-codec-1.18.0.jar;C:\Users\Dell\.m2\repository\org\apache\httpcomponents\httpmime\4.5.14\httpmime-4.5.14.jar;C:\Users\Dell\.m2\repository\org\hamcrest\hamcrest\2.2\hamcrest-2.2.jar;C:\Users\Dell\.m2\repository\org\ccil\cowan\tagsoup\tagsoup\1.2.1\tagsoup-1.2.1.jar;C:\Users\Dell\.m2\repository\io\rest-assured\json-path\5.5.1\json-path-5.5.1.jar;C:\Users\Dell\.m2\repository\org\apache\groovy\groovy-json\4.0.22\groovy-json-4.0.22.jar;C:\Users\Dell\.m2\repository\io\rest-assured\rest-assured-common\5.5.1\rest-assured-common-5.5.1.jar;C:\Users\Dell\.m2\repository\io\rest-assured\xml-path\5.5.1\xml-path-5.5.1.jar;C:\Users\Dell\.m2\repository\org\apache\commons\commons-lang3\3.17.0\commons-lang3-3.17.0.jar;"/>
    <property name="sun.cpu.endian" value="little"/>
    <property name="user.home" value="C:\Users\Dell"/>
    <property name="user.language" value="en"/>
    <property name="jboss.log-version" value="false"/>
    <property name="java.specification.vendor" value="Oracle Corporation"/>
    <property name="java.version.date" value="2022-09-20"/>
    <property name="java.home" value="C:\Program Files\Java\jdk-19"/>
    <property name="file.separator" value="\"/>
    <property name="basedir" value="C:\Users\Dell\Desktop\objektno2\projekat"/>
    <property name="java.vm.compressedOopsMode" value="32-bit"/>
    <property name="line.separator" value="&#10;"/>
    <property name="java.vm.specification.vendor" value="Oracle Corporation"/>
    <property name="java.specification.name" value="Java Platform API Specification"/>
    <property name="surefire.real.class.path" value="C:\Users\Dell\AppData\Local\Temp\surefire11758545467135731246\surefirebooter-20250314165959500_3.jar"/>
    <property name="user.script" value=""/>
    <property name="user.script.format" value="Latn"/>
    <property name="sun.management.compiler" value="HotSpot 64-Bit Tiered Compilers"/>
    <property name="java.runtime.version" value="19+36-2238"/>
    <property name="user.name" value="Dell"/>
    <property name="stdout.encoding" value="Cp1252"/>
    <property name="path.separator" value=";"/>
    <property name="os.version" value="10.0"/>
    <property name="java.runtime.name" value="Java(TM) SE Runtime Environment"/>
    <property name="file.encoding" value="UTF-8"/>
    <property name="java.vm.name" value="Java HotSpot(TM) 64-Bit Server VM"/>
    <property name="localRepository" value="C:\Users\Dell\.m2\repository"/>
    <property name="java.vendor.url.bug" value="https://bugreport.java.com/bugreport/"/>
    <property name="java.io.tmpdir" value="C:\Users\Dell\AppData\Local\Temp\"/>
    <property name="quarkus.log.file.path" value="target\quarkus.log"/>
    <property name="java.version" value="19"/>
    <property name="user.dir" value="C:\Users\Dell\Desktop\objektno2\projekat"/>
    <property name="os.arch" value="amd64"/>
    <property name="java.vm.specification.name" value="Java Virtual Machine Specification"/>
    <property name="user.language.format" value="sr"/>
    <property name="sun.os.patch.level" value=""/>
    <property name="native.encoding" value="Cp1252"/>
    <property name="java.util.logging.manager" value="org.jboss.logmanager.LogManager"/>
    <property name="java.library.path" value="C:\Program Files\Java\jdk-19\bin;C:\Windows\Sun\Java\bin;C:\Windows\system32;C:\Windows;%JAVA_HOME%\bin;C:\Program Files\Common Files\Oracle\Java\javapath;C:\Windows\system32;C:\Windows;C:\Windows\System32\Wbem;C:\Windows\System32\WindowsPowerShell\v1.0\;C:\Windows\System32\OpenSSH\;C:\Program Files\Java\jdk-19\bin;C:\Program Files\Microsoft VS Code\bin;C:\FPC\3.2.2\bin\i386-Win32;C:\Program Files\Microsoft SQL Server\Client SDK\ODBC\170\Tools\Binn\;C:\Program Files (x86)\Microsoft SQL Server\150\Tools\Binn\;C:\Program Files\Microsoft SQL Server\150\Tools\Binn\;C:\Program Files\Microsoft SQL Server\150\DTS\Binn\;C:\Program Files (x86)\Microsoft SQL Server\150\DTS\Binn\;C:\Program Files\Azure Data Studio\bin;C:\Program Files\nodejs\;C:\Program Files\dotnet\;C:\Users\Dell\AppData\Local\Microsoft\WindowsApps;C:\Users\Dell\AppData\Roaming\npm;C:\Program Files\Apache\Maven\apache-maven-3.9.9-bin\apache-maven-3.9.9\bin;C:\Program Files\Java\jdk-19 /M\bin;C:\Program Files\Java\jdk-19 /M\bin;C:\Program Files\Common Files\Oracle\Java\javapath;C:\Windows\system32;C:\Windows;C:\Windows\System32\Wbem;C:\Windows\System32\WindowsPowerShell\v1.0\;C:\Windows\System32\OpenSSH\;C:\Program Files\Java\jdk-19\bin;C:\Program Files\Microsoft VS Code\bin;C:\FPC\3.2.2\bin\i386-Win32;C:\Program Files\Microsoft SQL Server\Client SDK\ODBC\170\Tools\Binn\;C:\Program Files (x86)\Microsoft SQL Server\150\Tools\Binn\;C:\Program Files\Microsoft SQL Server\150\Tools\Binn\;C:\Program Files\Microsoft SQL Server\150\DTS\Binn\;C:\Program Files (x86)\Microsoft SQL Server\150\DTS\Binn\;C:\Program Files\Azure Data Studio\bin;C:\Program Files\nodejs\;C:\Program Files\dotnet\;C:\Users\Dell\AppData\Local\Microsoft\WindowsApps;C:\Users\Dell\AppData\Roaming\npm;C:\Program Files\Apache\Maven\bin;;."/>
    <property name="jdk.console" value="java.base"/>
    <property name="java.vm.info" value="mixed mode, sharing"/>
    <property name="stderr.encoding" value="Cp1252"/>
    <property name="java.vendor" value="Oracle Corporation"/>
    <property name="vertx.disableTCCL" value="true"/>
    <property name="java.vm.version" value="19+36-2238"/>
    <property name="sun.io.unicode.encoding" value="UnicodeLittle"/>
    <property name="java.class.version" value="63.0"/>
  </properties>
  <testcase name="testHelloEndpoint" classname="org.acme.ExampleResourceTest" time="0.011">
    <error message="java.lang.RuntimeException: io.quarkus.builder.BuildException: Build failure: Build failed due to errors&#10;	[error]: Build step io.quarkus.datasource.deployment.devservices.DevServicesDatasourceProcessor#launchDatabases threw an exception: java.lang.IllegalStateException: Please configure the datasource URL for default datasource or ensure the Docker daemon is up and running.&#10;	at io.quarkus.datasource.deployment.devservices.DevServicesDatasourceProcessor.startDevDb(DevServicesDatasourceProcessor.java:261)&#10;	at io.quarkus.datasource.deployment.devservices.DevServicesDatasourceProcessor.launchDatabases(DevServicesDatasourceProcessor.java:121)&#10;	at java.base/java.lang.invoke.MethodHandle.invokeWithArguments(MethodHandle.java:733)&#10;	at io.quarkus.deployment.ExtensionLoader$3.execute(ExtensionLoader.java:856)&#10;	at io.quarkus.builder.BuildContext.run(BuildContext.java:255)&#10;	at org.jboss.threads.ContextHandler$1.runWith(ContextHandler.java:18)&#10;	at org.jboss.threads.EnhancedQueueExecutor$Task.doRunWith(EnhancedQueueExecutor.java:2675)&#10;	at org.jboss.threads.EnhancedQueueExecutor$Task.run(EnhancedQueueExecutor.java:2654)&#10;	at org.jboss.threads.EnhancedQueueExecutor.runThreadBody(EnhancedQueueExecutor.java:1627)&#10;	at org.jboss.threads.EnhancedQueueExecutor$ThreadBody.run(EnhancedQueueExecutor.java:1594)&#10;	at java.base/java.lang.Thread.run(Thread.java:1589)&#10;	at org.jboss.threads.JBossThread.run(JBossThread.java:499)&#10;" type="java.lang.RuntimeException"><![CDATA[java.lang.RuntimeException: 
java.lang.RuntimeException: io.quarkus.builder.BuildException: Build failure: Build failed due to errors
	[error]: Build step io.quarkus.datasource.deployment.devservices.DevServicesDatasourceProcessor#launchDatabases threw an exception: java.lang.IllegalStateException: Please configure the datasource URL for default datasource or ensure the Docker daemon is up and running.
	at io.quarkus.datasource.deployment.devservices.DevServicesDatasourceProcessor.startDevDb(DevServicesDatasourceProcessor.java:261)
	at io.quarkus.datasource.deployment.devservices.DevServicesDatasourceProcessor.launchDatabases(DevServicesDatasourceProcessor.java:121)
	at java.base/java.lang.invoke.MethodHandle.invokeWithArguments(MethodHandle.java:733)
	at io.quarkus.deployment.ExtensionLoader$3.execute(ExtensionLoader.java:856)
	at io.quarkus.builder.BuildContext.run(BuildContext.java:255)
	at org.jboss.threads.ContextHandler$1.runWith(ContextHandler.java:18)
	at org.jboss.threads.EnhancedQueueExecutor$Task.doRunWith(EnhancedQueueExecutor.java:2675)
	at org.jboss.threads.EnhancedQueueExecutor$Task.run(EnhancedQueueExecutor.java:2654)
	at org.jboss.threads.EnhancedQueueExecutor.runThreadBody(EnhancedQueueExecutor.java:1627)
	at org.jboss.threads.EnhancedQueueExecutor$ThreadBody.run(EnhancedQueueExecutor.java:1594)
	at java.base/java.lang.Thread.run(Thread.java:1589)
	at org.jboss.threads.JBossThread.run(JBossThread.java:499)

	at io.quarkus.test.junit.QuarkusTestExtension.throwBootFailureException(QuarkusTestExtension.java:611)
	at io.quarkus.test.junit.QuarkusTestExtension.interceptTestClassConstructor(QuarkusTestExtension.java:706)
	at java.base/java.util.Optional.orElseGet(Optional.java:364)
	at java.base/java.util.ArrayList.forEach(ArrayList.java:1511)
	at java.base/java.util.ArrayList.forEach(ArrayList.java:1511)
Caused by: java.lang.RuntimeException: io.quarkus.builder.BuildException: Build failure: Build failed due to errors
	[error]: Build step io.quarkus.datasource.deployment.devservices.DevServicesDatasourceProcessor#launchDatabases threw an exception: java.lang.IllegalStateException: Please configure the datasource URL for default datasource or ensure the Docker daemon is up and running.
	at io.quarkus.datasource.deployment.devservices.DevServicesDatasourceProcessor.startDevDb(DevServicesDatasourceProcessor.java:261)
	at io.quarkus.datasource.deployment.devservices.DevServicesDatasourceProcessor.launchDatabases(DevServicesDatasourceProcessor.java:121)
	at java.base/java.lang.invoke.MethodHandle.invokeWithArguments(MethodHandle.java:733)
	at io.quarkus.deployment.ExtensionLoader$3.execute(ExtensionLoader.java:856)
	at io.quarkus.builder.BuildContext.run(BuildContext.java:255)
	at org.jboss.threads.ContextHandler$1.runWith(ContextHandler.java:18)
	at org.jboss.threads.EnhancedQueueExecutor$Task.doRunWith(EnhancedQueueExecutor.java:2675)
	at org.jboss.threads.EnhancedQueueExecutor$Task.run(EnhancedQueueExecutor.java:2654)
	at org.jboss.threads.EnhancedQueueExecutor.runThreadBody(EnhancedQueueExecutor.java:1627)
	at org.jboss.threads.EnhancedQueueExecutor$ThreadBody.run(EnhancedQueueExecutor.java:1594)
	at java.base/java.lang.Thread.run(Thread.java:1589)
	at org.jboss.threads.JBossThread.run(JBossThread.java:499)

	at io.quarkus.runner.bootstrap.AugmentActionImpl.runAugment(AugmentActionImpl.java:372)
	at io.quarkus.runner.bootstrap.AugmentActionImpl.createInitialRuntimeApplication(AugmentActionImpl.java:289)
	at io.quarkus.runner.bootstrap.AugmentActionImpl.createInitialRuntimeApplication(AugmentActionImpl.java:61)
	at io.quarkus.test.junit.QuarkusTestExtension.doJavaStart(QuarkusTestExtension.java:195)
	at io.quarkus.test.junit.QuarkusTestExtension.ensureStarted(QuarkusTestExtension.java:578)
	at io.quarkus.test.junit.QuarkusTestExtension.beforeAll(QuarkusTestExtension.java:628)
	... 1 more
Caused by: io.quarkus.builder.BuildException: Build failure: Build failed due to errors
	[error]: Build step io.quarkus.datasource.deployment.devservices.DevServicesDatasourceProcessor#launchDatabases threw an exception: java.lang.IllegalStateException: Please configure the datasource URL for default datasource or ensure the Docker daemon is up and running.
	at io.quarkus.datasource.deployment.devservices.DevServicesDatasourceProcessor.startDevDb(DevServicesDatasourceProcessor.java:261)
	at io.quarkus.datasource.deployment.devservices.DevServicesDatasourceProcessor.launchDatabases(DevServicesDatasourceProcessor.java:121)
	at java.base/java.lang.invoke.MethodHandle.invokeWithArguments(MethodHandle.java:733)
	at io.quarkus.deployment.ExtensionLoader$3.execute(ExtensionLoader.java:856)
	at io.quarkus.builder.BuildContext.run(BuildContext.java:255)
	at org.jboss.threads.ContextHandler$1.runWith(ContextHandler.java:18)
	at org.jboss.threads.EnhancedQueueExecutor$Task.doRunWith(EnhancedQueueExecutor.java:2675)
	at org.jboss.threads.EnhancedQueueExecutor$Task.run(EnhancedQueueExecutor.java:2654)
	at org.jboss.threads.EnhancedQueueExecutor.runThreadBody(EnhancedQueueExecutor.java:1627)
	at org.jboss.threads.EnhancedQueueExecutor$ThreadBody.run(EnhancedQueueExecutor.java:1594)
	at java.base/java.lang.Thread.run(Thread.java:1589)
	at org.jboss.threads.JBossThread.run(JBossThread.java:499)

	at io.quarkus.builder.Execution.run(Execution.java:122)
	at io.quarkus.builder.BuildExecutionBuilder.execute(BuildExecutionBuilder.java:78)
	at io.quarkus.deployment.QuarkusAugmentor.run(QuarkusAugmentor.java:161)
	at io.quarkus.runner.bootstrap.AugmentActionImpl.runAugment(AugmentActionImpl.java:368)
	... 6 more
Caused by: java.lang.IllegalStateException: Please configure the datasource URL for default datasource or ensure the Docker daemon is up and running.
	at io.quarkus.datasource.deployment.devservices.DevServicesDatasourceProcessor.startDevDb(DevServicesDatasourceProcessor.java:261)
	at io.quarkus.datasource.deployment.devservices.DevServicesDatasourceProcessor.launchDatabases(DevServicesDatasourceProcessor.java:121)
	at java.base/java.lang.invoke.MethodHandle.invokeWithArguments(MethodHandle.java:733)
	at io.quarkus.deployment.ExtensionLoader$3.execute(ExtensionLoader.java:856)
	at io.quarkus.builder.BuildContext.run(BuildContext.java:255)
	at org.jboss.threads.ContextHandler$1.runWith(ContextHandler.java:18)
	at org.jboss.threads.EnhancedQueueExecutor$Task.doRunWith(EnhancedQueueExecutor.java:2675)
	at org.jboss.threads.EnhancedQueueExecutor$Task.run(EnhancedQueueExecutor.java:2654)
	at org.jboss.threads.EnhancedQueueExecutor.runThreadBody(EnhancedQueueExecutor.java:1627)
	at org.jboss.threads.EnhancedQueueExecutor$ThreadBody.run(EnhancedQueueExecutor.java:1594)
	at java.base/java.lang.Thread.run(Thread.java:1589)
	at org.jboss.threads.JBossThread.run(JBossThread.java:499)
]]></error>
    <system-out><![CDATA[2025-03-14 17:00:05,598 INFO  [org.tes.DockerClientFactory] (build-9) Testcontainers version: 1.20.6
]]></system-out>
  </testcase>
</testsuite>